<?xml version="1.0" encoding="UTF-8"?>
<!-- Generated by org.testng.reporters.JUnitReportReporter -->
<testsuite hostname="Sundeep-PC" name="com.selenium.TestSuite.EditInvoice" tests="1" failures="0" timestamp="22 Feb 2015 10:53:54 GMT" time="17.078" errors="0">
  <testcase name="EditRI" time="17.078" classname="com.selenium.TestSuite.EditInvoice"/>
</testsuite> <!-- com.selenium.TestSuite.EditInvoice -->
