<?xml version="1.0" encoding="UTF-8"?>
<!-- Generated by org.testng.reporters.JUnitReportReporter -->
<testsuite hostname="Sundeep-PC" name="com.selenium.TestSuite.ValidationTest" tests="1" failures="0" timestamp="24 Feb 2015 08:18:17 GMT" time="7.066" errors="0">
  <testcase name="validate" time="7.066" classname="com.selenium.TestSuite.ValidationTest"/>
</testsuite> <!-- com.selenium.TestSuite.ValidationTest -->
