<?xml version="1.0" encoding="UTF-8"?>
<!-- Generated by org.testng.reporters.JUnitReportReporter -->
<testsuite hostname="Sundeep-PC" name="com.selenium.TestSuite.CreateInvoice" tests="1" failures="0" timestamp="24 Feb 2015 07:46:48 GMT" time="31.657" errors="0">
  <testcase name="DemoTest" time="31.657" classname="com.selenium.TestSuite.CreateInvoice"/>
</testsuite> <!-- com.selenium.TestSuite.CreateInvoice -->
