<?xml version="1.0" encoding="UTF-8"?>
<!-- Generated by org.testng.reporters.JUnitReportReporter -->
<testsuite hostname="Sundeep-PC" name="com.selenium.TestSuite.LoginTest" tests="1" failures="0" timestamp="24 Feb 2015 08:18:17 GMT" time="25.057" errors="0">
  <testcase name="login" time="25.057" classname="com.selenium.TestSuite.LoginTest"/>
</testsuite> <!-- com.selenium.TestSuite.LoginTest -->
