<?xml version="1.0" encoding="UTF-8"?>
<!-- Generated by org.testng.reporters.JUnitReportReporter -->
<testsuite hostname="Sundeep-PC" name="com.selenium.TestSuite.LoginTest" tests="1" failures="0" timestamp="22 Feb 2015 06:00:07 GMT" time="23.839" errors="0">
  <testcase name="login" time="23.839" classname="com.selenium.TestSuite.LoginTest"/>
</testsuite> <!-- com.selenium.TestSuite.LoginTest -->
