<?xml version="1.0" encoding="UTF-8"?>
<!-- Generated by org.testng.reporters.JUnitReportReporter -->
<testsuite hostname="Sundeep-PC" name="com.selenium.TestSuite.CreateInvoice" tests="1" failures="0" timestamp="24 Feb 2015 08:18:17 GMT" time="30.835" errors="0">
  <testcase name="DemoTest" time="30.835" classname="com.selenium.TestSuite.CreateInvoice"/>
</testsuite> <!-- com.selenium.TestSuite.CreateInvoice -->
