<?xml version="1.0" encoding="UTF-8"?>
<!-- Generated by org.testng.reporters.JUnitReportReporter -->
<testsuite hostname="Sundeep-PC" name="com.selenium.TestSuite.EditInvoice" tests="1" failures="0" timestamp="24 Feb 2015 08:18:17 GMT" time="18.657" errors="0">
  <testcase name="EditRI" time="18.657" classname="com.selenium.TestSuite.EditInvoice"/>
</testsuite> <!-- com.selenium.TestSuite.EditInvoice -->
