<?xml version="1.0" encoding="UTF-8"?>
<!-- Generated by org.testng.reporters.JUnitReportReporter -->
<testsuite hostname="Sundeep-PC" name="com.selenium.TestSuite.DemoOrgTest" tests="1" failures="0" timestamp="22 Feb 2015 06:00:07 GMT" time="32.230" errors="0">
  <testcase name="DemoTest" time="32.230" classname="com.selenium.TestSuite.DemoOrgTest"/>
</testsuite> <!-- com.selenium.TestSuite.DemoOrgTest -->
