<?xml version="1.0" encoding="UTF-8"?>
<!-- Generated by org.testng.reporters.JUnitReportReporter -->
<testsuite hostname="Sundeep-PC" name="com.selenium.TestSuite.CreateInvoice" tests="1" failures="0" timestamp="22 Feb 2015 10:53:54 GMT" time="43.456" errors="0">
  <testcase name="DemoTest" time="43.456" classname="com.selenium.TestSuite.CreateInvoice"/>
</testsuite> <!-- com.selenium.TestSuite.CreateInvoice -->
